<?xml version="1.0" encoding="UTF-8"?>
<testsuite xmlns:xsi="http://www.w3.org/2001/XMLSchema-instance" xsi:noNamespaceSchemaLocation="https://maven.apache.org/surefire/maven-surefire-plugin/xsd/surefire-test-report-3.0.xsd" version="3.0" name="com.anilhorasan.JsonParserTest" time="2.252" tests="5" errors="0" skipped="0" failures="1">
  <properties>
[...]
</properties>
  <testcase name="testParseWithOrgJson" classname="com.anilhorasan.JsonParserTest" time="0.055"/>
  <testcase name="testInvalidJsonWithJackson" classname="com.anilhorasan.JsonParserTest" time="0.228">
    <failure message="Oops, Jackson didn&apos;t even break a sweat. Something&apos;s wrong! ==&gt; expected: &lt;true&gt; but was: &lt;false&gt;" type="org.opentest4j.AssertionFailedError"><![CDATA[org.opentest4j.AssertionFailedError: Oops, Jackson didn't even break a sweat. Something's wrong! ==> expected: <true> but was: <false>
	at org.junit.jupiter.api.AssertionFailureBuilder.build(AssertionFailureBuilder.java:151)
	at org.junit.jupiter.api.AssertionFailureBuilder.buildAndThrow(AssertionFailureBuilder.java:132)
	at org.junit.jupiter.api.AssertTrue.failNotTrue(AssertTrue.java:63)
	at org.junit.jupiter.api.AssertTrue.assertTrue(AssertTrue.java:36)
	at org.junit.jupiter.api.Assertions.assertTrue(Assertions.java:214)
	at com.anilhorasan.JsonParserTest.testInvalidJsonWithJackson(JsonParserTest.java:113)
	at java.base/java.lang.reflect.Method.invoke(Method.java:580)
	at java.base/java.util.ArrayList.forEach(ArrayList.java:1596)
	at java.base/java.util.ArrayList.forEach(ArrayList.java:1596)
]]></failure>
  </testcase>
  <testcase name="testParseWithRestAssured" classname="com.anilhorasan.JsonParserTest" time="1.848"/>
  <testcase name="testParseWithGson" classname="com.anilhorasan.JsonParserTest" time="0.062"/>
  <testcase name="testParseWithJackson" classname="com.anilhorasan.JsonParserTest" time="0.005"/>
</testsuite>