<?xml version="1.0" encoding="UTF-8"?>
<testng-results ignored="0" total="1" passed="1" failed="0" skipped="0">
  <reporter-output>
  </reporter-output>
  <suite started-at="2025-01-07T13:32:19 EST" name="Default suite" finished-at="2025-01-07T13:32:19 EST" duration-ms="113">
    <groups>
    </groups>
    <test started-at="2025-01-07T13:32:19 EST" name="Default test" finished-at="2025-01-07T13:32:19 EST" duration-ms="113">
      <class name="com.anilhorasan.OrgJson_DataExtractionExampleTest">
        <test-method signature="testJsonDataExtraction()[pri:0, instance:com.anilhorasan.OrgJson_DataExtractionExampleTest@534a5a98]" started-at="2025-01-07T13:32:19 EST" name="testJsonDataExtraction" finished-at="2025-01-07T13:32:19 EST" duration-ms="32" status="PASS">
          <reporter-output>
          </reporter-output>
        </test-method> <!-- testJsonDataExtraction -->
      </class> <!-- com.anilhorasan.OrgJson_DataExtractionExampleTest -->
    </test> <!-- Default test -->
  </suite> <!-- Default suite -->
</testng-results>
